#
# A fatal error has been detected by the Java Runtime Environment:
#
#  EXCEPTION_ACCESS_VIOLATION (0xc0000005) at pc=0x00007fff16ebed05, pid=10676, tid=6960
#
# JRE version: Java(TM) SE Runtime Environment (11.0.5+10) (build 11.0.5+10-LTS)
# Java VM: Java HotSpot(TM) 64-Bit Server VM (11.0.5+10-LTS, mixed mode, tiered, compressed oops, g1 gc, windows-amd64)
# Problematic frame:
# V  [jvm.dll+0x65ed05]
#
# No core dump will be written. Minidumps are not enabled by default on client versions of Windows
#
# If you would like to submit a bug report, please visit:
#   http://bugreport.java.com/bugreport/crash.jsp
#

---------------  S U M M A R Y ------------

Command Line: -Dcom.sun.management.jmxremote -Dcom.sun.management.jmxremote.port=50607 -Dcom.sun.management.jmxremote.authenticate=false -Dcom.sun.management.jmxremote.ssl=false -Djava.rmi.server.hostname=localhost -Dspring.jmx.enabled=true -Dspring.application.admin.enabled=true -Xverify:none -XX:TieredStopAtLevel=1 -Dspring.boot.project.name=coursemc -Dfile.encoding=UTF-8 com.course.coursemc.CoursemcApplication --spring.output.ansi.enabled=always

Host: Intel(R) Core(TM) i5-8265U CPU @ 1.60GHz, 8 cores, 7G,  Windows 10 , 64 bit Build 19041 (10.0.19041.662)
Time: Mon Jan 18 19:58:55 2021 Hora oficial do Brasil elapsed time: 2 seconds (0d 0h 0m 2s)

---------------  T H R E A D  ---------------

Current thread (0x000001871a957800):  WatcherThread [stack: 0x0000004935100000,0x0000004935200000] [id=6960]

Stack: [0x0000004935100000,0x0000004935200000],  sp=0x00000049351ff500,  free space=1021k
Native frames: (J=compiled Java code, j=interpreted, Vv=VM code, C=native code)
V  [jvm.dll+0x65ed05]
V  [jvm.dll+0x6c81df]
V  [jvm.dll+0x713efd]
V  [jvm.dll+0x7398b9]
V  [jvm.dll+0x6351c2]
C  [ucrtbase.dll+0x214c2]
C  [KERNEL32.DLL+0x17034]
C  [ntdll.dll+0x4d0d1]


siginfo: EXCEPTION_ACCESS_VIOLATION (0xc0000005), reading address 0x0000000800000007


Register to memory mapping:

RIP=0x00007fff16ebed05 jvm.dll
RAX=0x0000000800000007 is an unknown value
RBX=0x000001871a8a9aa0 points into unknown readable memory: d0 b4 12 17 ff 7f 00 00
RCX=0x000001871a8cc220 points into unknown readable memory: 07 00 00 00 08 00 00 00
RDX=0x0000000000000038 is an unknown value
RSP=0x00000049351ff500 points into unknown readable memory: 90 c6 0d 78 87 01 00 00
RBP=0x0000000000000002 is an unknown value
RSI=0x000001871a8cc030 points into unknown readable memory: e0 94 93 1a 87 01 00 00
RDI=0x0 is NULL
R8 =0x0 is NULL
R9 =0x0000018708290b80 is at begin+0 in a stub
StubRoutines::atomic_cmpxchg_long [0x0000018708290b80, 0x0000018708290b89[ (9 bytes)
R10=0x00000000546c6148 is an unknown value
R11=0x000000aa53908266 is an unknown value
R12=0x0 is NULL
R13=0x000001871a957800 points into unknown readable memory: c8 8c 13 17 ff 7f 00 00
R14=0x0000000000000038 is an unknown value
R15=0x000001871a7868d0 points into unknown readable memory: 00 00 00 00 00 00 00 00


Registers:
RAX=0x0000000800000007, RBX=0x000001871a8a9aa0, RCX=0x000001871a8cc220, RDX=0x0000000000000038
RSP=0x00000049351ff500, RBP=0x0000000000000002, RSI=0x000001871a8cc030, RDI=0x0000000000000000
R8 =0x0000000000000000, R9 =0x0000018708290b80, R10=0x00000000546c6148, R11=0x000000aa53908266
R12=0x0000000000000000, R13=0x000001871a957800, R14=0x0000000000000038, R15=0x000001871a7868d0
RIP=0x00007fff16ebed05, EFLAGS=0x0000000000010202

Top of Stack: (sp=0x00000049351ff500)
0x00000049351ff500:   00000187780dc690 0000000000000b5c
0x00000049351ff510:   0000000000000001 00007fff16e68120
0x00000049351ff520:   0000000000000000 00007fff16f281df
0x00000049351ff530:   000001871a957800 000001871a957800
0x00000049351ff540:   00004bbe356a2af4 00007fff16e68ba9
0x00000049351ff550:   00007fff172d4818 00007fff16f73efd
0x00000049351ff560:   0000000000000001 00000187780dc690
0x00000049351ff570:   00000187780dc690 431bde82d7b634db
0x00000049351ff580:   000001871a7868d0 00004bbe356a2af4
0x00000049351ff590:   00000187780dc690 00007fff16f998b9
0x00000049351ff5a0:   0000000000000001 0000000000000038
0x00000049351ff5b0:   0000000000000032 0000000000000002
0x00000049351ff5c0:   0000000000000000 0000000000000000
0x00000049351ff5d0:   0000000000000000 0000000000000000
0x00000049351ff5e0:   0000000000000000 0000000000000000
0x00000049351ff5f0:   0000000000000000 0000000000000000 

Instructions: (pc=0x00007fff16ebed05)
0x00007fff16ebece5:   70 48 83 c4 50 5f c3 cc cc cc cc 40 53 48 83 ec
0x00007fff16ebecf5:   20 48 8b d9 48 8b 49 38 48 85 c9 74 0c 48 8b 01
0x00007fff16ebed05:   ff 10 48 8b 4b 28 48 89 01 48 83 c4 20 5b c3 cc
0x00007fff16ebed15:   cc cc cc cc cc cc cc cc cc cc cc 48 89 5c 24 08 


Stack slot to memory mapping:
stack at sp + 0 slots: 0x00000187780dc690 points into unknown readable memory: 01 00 00 00 00 00 00 00
stack at sp + 1 slots: 0x0000000000000b5c is an unknown value
stack at sp + 2 slots: 0x0000000000000001 is an unknown value
stack at sp + 3 slots: 0x00007fff16e68120 jvm.dll
stack at sp + 4 slots: 0x0 is NULL
stack at sp + 5 slots: 0x00007fff16f281df jvm.dll
stack at sp + 6 slots: 0x000001871a957800 points into unknown readable memory: c8 8c 13 17 ff 7f 00 00
stack at sp + 7 slots: 0x000001871a957800 points into unknown readable memory: c8 8c 13 17 ff 7f 00 00


---------------  P R O C E S S  ---------------

Threads class SMR info:
_java_thread_list=0x000001871a939630, length=12, elements={
0x00000187780df000, 0x000001877fa56000, 0x000001877fa84000, 0x000001877fbf3800,
0x000001877fbf4800, 0x000001877fbf7800, 0x000001877fc04000, 0x000001877fa0f800,
0x000001877fe20800, 0x000001871a8e0000, 0x000001871a8a6800, 0x000001871a8da800
}

Java Threads: ( => current thread )
  0x00000187780df000 JavaThread "main" [_thread_in_native, id=6796, stack(0x0000004933d00000,0x0000004933e00000)]
  0x000001877fa56000 JavaThread "Reference Handler" daemon [_thread_blocked, id=5076, stack(0x0000004934400000,0x0000004934500000)]
  0x000001877fa84000 JavaThread "Finalizer" daemon [_thread_blocked, id=6412, stack(0x0000004934500000,0x0000004934600000)]
  0x000001877fbf3800 JavaThread "Signal Dispatcher" daemon [_thread_blocked, id=10236, stack(0x0000004934600000,0x0000004934700000)]
  0x000001877fbf4800 JavaThread "Attach Listener" daemon [_thread_blocked, id=716, stack(0x0000004934700000,0x0000004934800000)]
  0x000001877fbf7800 JavaThread "C1 CompilerThread0" daemon [_thread_in_vm, id=11008, stack(0x0000004934800000,0x0000004934900000)]
  0x000001877fc04000 JavaThread "Sweeper thread" daemon [_thread_blocked, id=6304, stack(0x0000004934900000,0x0000004934a00000)]
  0x000001877fa0f800 JavaThread "Common-Cleaner" daemon [_thread_blocked, id=9744, stack(0x0000004934a00000,0x0000004934b00000)]
  0x000001877fe20800 JavaThread "Service Thread" daemon [_thread_blocked, id=12224, stack(0x0000004934b00000,0x0000004934c00000)]
  0x000001871a8e0000 JavaThread "RMI TCP Accept-0" daemon [_thread_in_native, id=13164, stack(0x0000004934e00000,0x0000004934f00000)]
  0x000001871a8a6800 JavaThread "RMI TCP Accept-50607" daemon [_thread_in_native, id=7276, stack(0x0000004934f00000,0x0000004935000000)]
  0x000001871a8da800 JavaThread "RMI TCP Accept-0" daemon [_thread_in_native, id=8676, stack(0x0000004935000000,0x0000004935100000)]

Other Threads:
  0x000001877fa54800 VMThread "VM Thread" [stack: 0x0000004934300000,0x0000004934400000] [id=8604]
=>0x000001871a957800 WatcherThread [stack: 0x0000004935100000,0x0000004935200000] [id=6960]
  0x00000187780f8800 GCTaskThread "GC Thread#0" [stack: 0x0000004933e00000,0x0000004933f00000] [id=7328]
  0x000001871a28d000 GCTaskThread "GC Thread#1" [stack: 0x0000004934c00000,0x0000004934d00000] [id=10820]
  0x000001871a86c000 GCTaskThread "GC Thread#2" [stack: 0x0000004934d00000,0x0000004934e00000] [id=4348]
  0x000001877812a000 ConcurrentGCThread "G1 Main Marker" [stack: 0x0000004933f00000,0x0000004934000000] [id=1552]
  0x000001877812b000 ConcurrentGCThread "G1 Conc#0" [stack: 0x0000004934000000,0x0000004934100000] [id=7844]
  0x00000187781ad800 ConcurrentGCThread "G1 Refine#0" [stack: 0x0000004934100000,0x0000004934200000] [id=7332]
  0x000001877f8c0800 ConcurrentGCThread "G1 Young RemSet Sampling" [stack: 0x0000004934200000,0x0000004934300000] [id=7912]

Threads with active compile tasks:
C1 CompilerThread01121       1       java.util.zip.ZipFile$InflaterCleanupAction::run (12 bytes)

VM state:not at safepoint (normal execution)

VM Mutex/Monitor currently owned by a thread:  ([mutex/lock_event])
[0x00000187780dc690] PeriodicTask_lock - owner thread: 0x000001871a957800

Heap address: 0x0000000081a00000, size: 2022 MB, Compressed Oops mode: 32-bit
Narrow klass base: 0x0000000000000000, Narrow klass shift: 3
Compressed class space size: 1073741824 Address: 0x0000000100000000

Heap:
 garbage-first heap   total 131072K, used 31024K [0x0000000081a00000, 0x0000000100000000)
  region size 1024K, 14 young (14336K), 3 survivors (3072K)
 Metaspace       used 13453K, capacity 13853K, committed 14208K, reserved 1062912K
  class space    used 1407K, capacity 1537K, committed 1664K, reserved 1048576K
Heap Regions: E=young(eden), S=young(survivor), O=old, HS=humongous(starts), HC=humongous(continues), CS=collection set, F=free, A=archive, TAMS=top-at-mark-start (previous, next)
|   0|0x0000000081a00000, 0x0000000081b00000, 0x0000000081b00000|100%|HS|  |TAMS 0x0000000081a00000, 0x0000000081a00000| Complete 
|   1|0x0000000081b00000, 0x0000000081c00000, 0x0000000081c00000|100%| O|  |TAMS 0x0000000081b00000, 0x0000000081b00000| Untracked 
|   2|0x0000000081c00000, 0x0000000081d00000, 0x0000000081d00000|100%| O|  |TAMS 0x0000000081c00000, 0x0000000081c00000| Untracked 
|   3|0x0000000081d00000, 0x0000000081e00000, 0x0000000081e00000|100%| O|  |TAMS 0x0000000081d00000, 0x0000000081d00000| Untracked 
|   4|0x0000000081e00000, 0x0000000081f00000, 0x0000000081f00000|100%| O|  |TAMS 0x0000000081e00000, 0x0000000081e00000| Untracked 
|   5|0x0000000081f00000, 0x0000000082000000, 0x0000000082000000|100%| O|  |TAMS 0x0000000081f00000, 0x0000000081f00000| Untracked 
|   6|0x0000000082000000, 0x0000000082100000, 0x0000000082100000|100%| O|  |TAMS 0x0000000082000000, 0x0000000082000000| Untracked 
|   7|0x0000000082100000, 0x0000000082200000, 0x0000000082200000|100%| O|  |TAMS 0x0000000082100000, 0x0000000082100000| Untracked 
|   8|0x0000000082200000, 0x0000000082300000, 0x0000000082300000|100%| O|  |TAMS 0x0000000082200000, 0x0000000082200000| Untracked 
|   9|0x0000000082300000, 0x0000000082400000, 0x0000000082400000|100%| O|  |TAMS 0x0000000082300000, 0x0000000082300000| Untracked 
|  10|0x0000000082400000, 0x0000000082500000, 0x0000000082500000|100%| O|  |TAMS 0x0000000082400000, 0x0000000082400000| Untracked 
|  11|0x0000000082500000, 0x0000000082600000, 0x0000000082600000|100%| O|  |TAMS 0x0000000082500000, 0x0000000082500000| Untracked 
|  12|0x0000000082600000, 0x0000000082700000, 0x0000000082700000|100%| O|  |TAMS 0x0000000082600000, 0x0000000082600000| Untracked 
|  13|0x0000000082700000, 0x0000000082800000, 0x0000000082800000|100%| O|  |TAMS 0x0000000082700000, 0x0000000082700000| Untracked 
|  14|0x0000000082800000, 0x0000000082900000, 0x0000000082900000|100%| O|  |TAMS 0x0000000082800000, 0x0000000082800000| Untracked 
|  15|0x0000000082900000, 0x0000000082a00000, 0x0000000082a00000|100%| O|  |TAMS 0x0000000082900000, 0x0000000082900000| Untracked 
|  16|0x0000000082a00000, 0x0000000082b00000, 0x0000000082b00000|100%| O|  |TAMS 0x0000000082a00000, 0x0000000082a00000| Untracked 
|  17|0x0000000082b00000, 0x0000000082b4c000, 0x0000000082c00000| 29%| O|  |TAMS 0x0000000082b00000, 0x0000000082b00000| Untracked 
|  18|0x0000000082c00000, 0x0000000082c00000, 0x0000000082d00000|  0%| F|  |TAMS 0x0000000082c00000, 0x0000000082c00000| Untracked 
|  19|0x0000000082d00000, 0x0000000082d00000, 0x0000000082e00000|  0%| F|  |TAMS 0x0000000082d00000, 0x0000000082d00000| Untracked 
|  20|0x0000000082e00000, 0x0000000082e00000, 0x0000000082f00000|  0%| F|  |TAMS 0x0000000082e00000, 0x0000000082e00000| Untracked 
|  21|0x0000000082f00000, 0x0000000082f00000, 0x0000000083000000|  0%| F|  |TAMS 0x0000000082f00000, 0x0000000082f00000| Untracked 
|  22|0x0000000083000000, 0x0000000083000000, 0x0000000083100000|  0%| F|  |TAMS 0x0000000083000000, 0x0000000083000000| Untracked 
|  23|0x0000000083100000, 0x0000000083100000, 0x0000000083200000|  0%| F|  |TAMS 0x0000000083100000, 0x0000000083100000| Untracked 
|  24|0x0000000083200000, 0x0000000083200000, 0x0000000083300000|  0%| F|  |TAMS 0x0000000083200000, 0x0000000083200000| Untracked 
|  25|0x0000000083300000, 0x0000000083300000, 0x0000000083400000|  0%| F|  |TAMS 0x0000000083300000, 0x0000000083300000| Untracked 
|  26|0x0000000083400000, 0x0000000083400000, 0x0000000083500000|  0%| F|  |TAMS 0x0000000083400000, 0x0000000083400000| Untracked 
|  27|0x0000000083500000, 0x0000000083500000, 0x0000000083600000|  0%| F|  |TAMS 0x0000000083500000, 0x0000000083500000| Untracked 
|  28|0x0000000083600000, 0x0000000083600000, 0x0000000083700000|  0%| F|  |TAMS 0x0000000083600000, 0x0000000083600000| Untracked 
|  29|0x0000000083700000, 0x0000000083700000, 0x0000000083800000|  0%| F|  |TAMS 0x0000000083700000, 0x0000000083700000| Untracked 
|  30|0x0000000083800000, 0x0000000083800000, 0x0000000083900000|  0%| F|  |TAMS 0x0000000083800000, 0x0000000083800000| Untracked 
|  31|0x0000000083900000, 0x0000000083900000, 0x0000000083a00000|  0%| F|  |TAMS 0x0000000083900000, 0x0000000083900000| Untracked 
|  32|0x0000000083a00000, 0x0000000083a00000, 0x0000000083b00000|  0%| F|  |TAMS 0x0000000083a00000, 0x0000000083a00000| Untracked 
|  33|0x0000000083b00000, 0x0000000083b00000, 0x0000000083c00000|  0%| F|  |TAMS 0x0000000083b00000, 0x0000000083b00000| Untracked 
|  34|0x0000000083c00000, 0x0000000083c00000, 0x0000000083d00000|  0%| F|  |TAMS 0x0000000083c00000, 0x0000000083c00000| Untracked 
|  35|0x0000000083d00000, 0x0000000083d00000, 0x0000000083e00000|  0%| F|  |TAMS 0x0000000083d00000, 0x0000000083d00000| Untracked 
|  36|0x0000000083e00000, 0x0000000083e00000, 0x0000000083f00000|  0%| F|  |TAMS 0x0000000083e00000, 0x0000000083e00000| Untracked 
|  37|0x0000000083f00000, 0x0000000083f00000, 0x0000000084000000|  0%| F|  |TAMS 0x0000000083f00000, 0x0000000083f00000| Untracked 
|  38|0x0000000084000000, 0x0000000084000000, 0x0000000084100000|  0%| F|  |TAMS 0x0000000084000000, 0x0000000084000000| Untracked 
|  39|0x0000000084100000, 0x0000000084100000, 0x0000000084200000|  0%| F|  |TAMS 0x0000000084100000, 0x0000000084100000| Untracked 
|  40|0x0000000084200000, 0x0000000084200000, 0x0000000084300000|  0%| F|  |TAMS 0x0000000084200000, 0x0000000084200000| Untracked 
|  41|0x0000000084300000, 0x0000000084300000, 0x0000000084400000|  0%| F|  |TAMS 0x0000000084300000, 0x0000000084300000| Untracked 
|  42|0x0000000084400000, 0x0000000084400000, 0x0000000084500000|  0%| F|  |TAMS 0x0000000084400000, 0x0000000084400000| Untracked 
|  43|0x0000000084500000, 0x0000000084500000, 0x0000000084600000|  0%| F|  |TAMS 0x0000000084500000, 0x0000000084500000| Untracked 
|  44|0x0000000084600000, 0x0000000084600000, 0x0000000084700000|  0%| F|  |TAMS 0x0000000084600000, 0x0000000084600000| Untracked 
|  45|0x0000000084700000, 0x0000000084700000, 0x0000000084800000|  0%| F|  |TAMS 0x0000000084700000, 0x0000000084700000| Untracked 
|  46|0x0000000084800000, 0x0000000084800000, 0x0000000084900000|  0%| F|  |TAMS 0x0000000084800000, 0x0000000084800000| Untracked 
|  47|0x0000000084900000, 0x0000000084900000, 0x0000000084a00000|  0%| F|  |TAMS 0x0000000084900000, 0x0000000084900000| Untracked 
|  48|0x0000000084a00000, 0x0000000084a00000, 0x0000000084b00000|  0%| F|  |TAMS 0x0000000084a00000, 0x0000000084a00000| Untracked 
|  49|0x0000000084b00000, 0x0000000084b00000, 0x0000000084c00000|  0%| F|  |TAMS 0x0000000084b00000, 0x0000000084b00000| Untracked 
|  50|0x0000000084c00000, 0x0000000084c00000, 0x0000000084d00000|  0%| F|  |TAMS 0x0000000084c00000, 0x0000000084c00000| Untracked 
|  51|0x0000000084d00000, 0x0000000084d00000, 0x0000000084e00000|  0%| F|  |TAMS 0x0000000084d00000, 0x0000000084d00000| Untracked 
|  52|0x0000000084e00000, 0x0000000084e00000, 0x0000000084f00000|  0%| F|  |TAMS 0x0000000084e00000, 0x0000000084e00000| Untracked 
|  53|0x0000000084f00000, 0x0000000084f00000, 0x0000000085000000|  0%| F|  |TAMS 0x0000000084f00000, 0x0000000084f00000| Untracked 
|  54|0x0000000085000000, 0x0000000085000000, 0x0000000085100000|  0%| F|  |TAMS 0x0000000085000000, 0x0000000085000000| Untracked 
|  55|0x0000000085100000, 0x0000000085100000, 0x0000000085200000|  0%| F|  |TAMS 0x0000000085100000, 0x0000000085100000| Untracked 
|  56|0x0000000085200000, 0x0000000085200000, 0x0000000085300000|  0%| F|  |TAMS 0x0000000085200000, 0x0000000085200000| Untracked 
|  57|0x0000000085300000, 0x0000000085300000, 0x0000000085400000|  0%| F|  |TAMS 0x0000000085300000, 0x0000000085300000| Untracked 
|  58|0x0000000085400000, 0x0000000085400000, 0x0000000085500000|  0%| F|  |TAMS 0x0000000085400000, 0x0000000085400000| Untracked 
|  59|0x0000000085500000, 0x0000000085500000, 0x0000000085600000|  0%| F|  |TAMS 0x0000000085500000, 0x0000000085500000| Untracked 
|  60|0x0000000085600000, 0x0000000085600000, 0x0000000085700000|  0%| F|  |TAMS 0x0000000085600000, 0x0000000085600000| Untracked 
|  61|0x0000000085700000, 0x0000000085700000, 0x0000000085800000|  0%| F|  |TAMS 0x0000000085700000, 0x0000000085700000| Untracked 
|  62|0x0000000085800000, 0x0000000085800000, 0x0000000085900000|  0%| F|  |TAMS 0x0000000085800000, 0x0000000085800000| Untracked 
|  63|0x0000000085900000, 0x0000000085900000, 0x0000000085a00000|  0%| F|  |TAMS 0x0000000085900000, 0x0000000085900000| Untracked 
|  64|0x0000000085a00000, 0x0000000085a00000, 0x0000000085b00000|  0%| F|  |TAMS 0x0000000085a00000, 0x0000000085a00000| Untracked 
|  65|0x0000000085b00000, 0x0000000085b00000, 0x0000000085c00000|  0%| F|  |TAMS 0x0000000085b00000, 0x0000000085b00000| Untracked 
|  66|0x0000000085c00000, 0x0000000085c00000, 0x0000000085d00000|  0%| F|  |TAMS 0x0000000085c00000, 0x0000000085c00000| Untracked 
|  67|0x0000000085d00000, 0x0000000085d00000, 0x0000000085e00000|  0%| F|  |TAMS 0x0000000085d00000, 0x0000000085d00000| Untracked 
|  68|0x0000000085e00000, 0x0000000085e00000, 0x0000000085f00000|  0%| F|  |TAMS 0x0000000085e00000, 0x0000000085e00000| Untracked 
|  69|0x0000000085f00000, 0x0000000085f00000, 0x0000000086000000|  0%| F|  |TAMS 0x0000000085f00000, 0x0000000085f00000| Untracked 
|  70|0x0000000086000000, 0x0000000086000000, 0x0000000086100000|  0%| F|  |TAMS 0x0000000086000000, 0x0000000086000000| Untracked 
|  71|0x0000000086100000, 0x0000000086100000, 0x0000000086200000|  0%| F|  |TAMS 0x0000000086100000, 0x0000000086100000| Untracked 
|  72|0x0000000086200000, 0x0000000086200000, 0x0000000086300000|  0%| F|  |TAMS 0x0000000086200000, 0x0000000086200000| Untracked 
|  73|0x0000000086300000, 0x0000000086300000, 0x0000000086400000|  0%| F|  |TAMS 0x0000000086300000, 0x0000000086300000| Untracked 
|  74|0x0000000086400000, 0x0000000086400000, 0x0000000086500000|  0%| F|  |TAMS 0x0000000086400000, 0x0000000086400000| Untracked 
|  75|0x0000000086500000, 0x0000000086500000, 0x0000000086600000|  0%| F|  |TAMS 0x0000000086500000, 0x0000000086500000| Untracked 
|  76|0x0000000086600000, 0x0000000086600000, 0x0000000086700000|  0%| F|  |TAMS 0x0000000086600000, 0x0000000086600000| Untracked 
|  77|0x0000000086700000, 0x0000000086700000, 0x0000000086800000|  0%| F|  |TAMS 0x0000000086700000, 0x0000000086700000| Untracked 
|  78|0x0000000086800000, 0x0000000086800000, 0x0000000086900000|  0%| F|  |TAMS 0x0000000086800000, 0x0000000086800000| Untracked 
|  79|0x0000000086900000, 0x0000000086900000, 0x0000000086a00000|  0%| F|  |TAMS 0x0000000086900000, 0x0000000086900000| Untracked 
|  80|0x0000000086a00000, 0x0000000086a00000, 0x0000000086b00000|  0%| F|  |TAMS 0x0000000086a00000, 0x0000000086a00000| Untracked 
|  81|0x0000000086b00000, 0x0000000086b00000, 0x0000000086c00000|  0%| F|  |TAMS 0x0000000086b00000, 0x0000000086b00000| Untracked 
|  82|0x0000000086c00000, 0x0000000086c00000, 0x0000000086d00000|  0%| F|  |TAMS 0x0000000086c00000, 0x0000000086c00000| Untracked 
|  83|0x0000000086d00000, 0x0000000086d00000, 0x0000000086e00000|  0%| F|  |TAMS 0x0000000086d00000, 0x0000000086d00000| Untracked 
|  84|0x0000000086e00000, 0x0000000086e00000, 0x0000000086f00000|  0%| F|  |TAMS 0x0000000086e00000, 0x0000000086e00000| Untracked 
|  85|0x0000000086f00000, 0x0000000086f00000, 0x0000000087000000|  0%| F|  |TAMS 0x0000000086f00000, 0x0000000086f00000| Untracked 
|  86|0x0000000087000000, 0x0000000087000000, 0x0000000087100000|  0%| F|  |TAMS 0x0000000087000000, 0x0000000087000000| Untracked 
|  87|0x0000000087100000, 0x0000000087100000, 0x0000000087200000|  0%| F|  |TAMS 0x0000000087100000, 0x0000000087100000| Untracked 
|  88|0x0000000087200000, 0x0000000087200000, 0x0000000087300000|  0%| F|  |TAMS 0x0000000087200000, 0x0000000087200000| Untracked 
|  89|0x0000000087300000, 0x0000000087300000, 0x0000000087400000|  0%| F|  |TAMS 0x0000000087300000, 0x0000000087300000| Untracked 
|  90|0x0000000087400000, 0x0000000087400000, 0x0000000087500000|  0%| F|  |TAMS 0x0000000087400000, 0x0000000087400000| Untracked 
|  91|0x0000000087500000, 0x0000000087500000, 0x0000000087600000|  0%| F|  |TAMS 0x0000000087500000, 0x0000000087500000| Untracked 
|  92|0x0000000087600000, 0x0000000087600000, 0x0000000087700000|  0%| F|  |TAMS 0x0000000087600000, 0x0000000087600000| Untracked 
|  93|0x0000000087700000, 0x0000000087700000, 0x0000000087800000|  0%| F|  |TAMS 0x0000000087700000, 0x0000000087700000| Untracked 
|  94|0x0000000087800000, 0x0000000087800000, 0x0000000087900000|  0%| F|  |TAMS 0x0000000087800000, 0x0000000087800000| Untracked 
|  95|0x0000000087900000, 0x0000000087900000, 0x0000000087a00000|  0%| F|  |TAMS 0x0000000087900000, 0x0000000087900000| Untracked 
|  96|0x0000000087a00000, 0x0000000087a00000, 0x0000000087b00000|  0%| F|  |TAMS 0x0000000087a00000, 0x0000000087a00000| Untracked 
|  97|0x0000000087b00000, 0x0000000087b00000, 0x0000000087c00000|  0%| F|  |TAMS 0x0000000087b00000, 0x0000000087b00000| Untracked 
|  98|0x0000000087c00000, 0x0000000087c00000, 0x0000000087d00000|  0%| F|  |TAMS 0x0000000087c00000, 0x0000000087c00000| Untracked 
|  99|0x0000000087d00000, 0x0000000087d00000, 0x0000000087e00000|  0%| F|  |TAMS 0x0000000087d00000, 0x0000000087d00000| Untracked 
| 100|0x0000000087e00000, 0x0000000087e00000, 0x0000000087f00000|  0%| F|  |TAMS 0x0000000087e00000, 0x0000000087e00000| Untracked 
| 101|0x0000000087f00000, 0x0000000088000000, 0x0000000088000000|100%| S|CS|TAMS 0x0000000087f00000, 0x0000000087f00000| Complete 
| 102|0x0000000088000000, 0x0000000088100000, 0x0000000088100000|100%| S|CS|TAMS 0x0000000088000000, 0x0000000088000000| Complete 
| 103|0x0000000088100000, 0x0000000088200000, 0x0000000088200000|100%| S|CS|TAMS 0x0000000088100000, 0x0000000088100000| Complete 
| 104|0x0000000088200000, 0x0000000088200000, 0x0000000088300000|  0%| F|  |TAMS 0x0000000088200000, 0x0000000088200000| Untracked 
| 105|0x0000000088300000, 0x0000000088300000, 0x0000000088400000|  0%| F|  |TAMS 0x0000000088300000, 0x0000000088300000| Untracked 
| 106|0x0000000088400000, 0x0000000088400000, 0x0000000088500000|  0%| F|  |TAMS 0x0000000088400000, 0x0000000088400000| Untracked 
| 107|0x0000000088500000, 0x0000000088500000, 0x0000000088600000|  0%| F|  |TAMS 0x0000000088500000, 0x0000000088500000| Untracked 
| 108|0x0000000088600000, 0x0000000088600000, 0x0000000088700000|  0%| F|  |TAMS 0x0000000088600000, 0x0000000088600000| Untracked 
| 109|0x0000000088700000, 0x0000000088700000, 0x0000000088800000|  0%| F|  |TAMS 0x0000000088700000, 0x0000000088700000| Untracked 
| 110|0x0000000088800000, 0x0000000088800000, 0x0000000088900000|  0%| F|  |TAMS 0x0000000088800000, 0x0000000088800000| Untracked 
| 111|0x0000000088900000, 0x0000000088900000, 0x0000000088a00000|  0%| F|  |TAMS 0x0000000088900000, 0x0000000088900000| Untracked 
| 112|0x0000000088a00000, 0x0000000088a00000, 0x0000000088b00000|  0%| F|  |TAMS 0x0000000088a00000, 0x0000000088a00000| Untracked 
| 113|0x0000000088b00000, 0x0000000088b00000, 0x0000000088c00000|  0%| F|  |TAMS 0x0000000088b00000, 0x0000000088b00000| Untracked 
| 114|0x0000000088c00000, 0x0000000088c00000, 0x0000000088d00000|  0%| F|  |TAMS 0x0000000088c00000, 0x0000000088c00000| Untracked 
| 115|0x0000000088d00000, 0x0000000088d00000, 0x0000000088e00000|  0%| F|  |TAMS 0x0000000088d00000, 0x0000000088d00000| Untracked 
| 116|0x0000000088e00000, 0x0000000088e00000, 0x0000000088f00000|  0%| F|  |TAMS 0x0000000088e00000, 0x0000000088e00000| Untracked 
| 117|0x0000000088f00000, 0x0000000088fd6070, 0x0000000089000000| 83%| E|  |TAMS 0x0000000088f00000, 0x0000000088f00000| Complete 
| 118|0x0000000089000000, 0x0000000089100000, 0x0000000089100000|100%| E|CS|TAMS 0x0000000089000000, 0x0000000089000000| Complete 
| 119|0x0000000089100000, 0x0000000089200000, 0x0000000089200000|100%| E|CS|TAMS 0x0000000089100000, 0x0000000089100000| Complete 
| 120|0x0000000089200000, 0x0000000089300000, 0x0000000089300000|100%| E|CS|TAMS 0x0000000089200000, 0x0000000089200000| Complete 
| 121|0x0000000089300000, 0x0000000089400000, 0x0000000089400000|100%| E|CS|TAMS 0x0000000089300000, 0x0000000089300000| Complete 
| 122|0x0000000089400000, 0x0000000089500000, 0x0000000089500000|100%| E|CS|TAMS 0x0000000089400000, 0x0000000089400000| Complete 
| 123|0x0000000089500000, 0x0000000089600000, 0x0000000089600000|100%| E|CS|TAMS 0x0000000089500000, 0x0000000089500000| Complete 
| 124|0x0000000089600000, 0x0000000089700000, 0x0000000089700000|100%| E|CS|TAMS 0x0000000089600000, 0x0000000089600000| Complete 
| 125|0x0000000089700000, 0x0000000089800000, 0x0000000089800000|100%| E|CS|TAMS 0x0000000089700000, 0x0000000089700000| Complete 
| 126|0x0000000089800000, 0x0000000089900000, 0x0000000089900000|100%| E|CS|TAMS 0x0000000089800000, 0x0000000089800000| Complete 
| 127|0x0000000089900000, 0x0000000089a00000, 0x0000000089a00000|100%| E|CS|TAMS 0x0000000089900000, 0x0000000089900000| Complete 

Card table byte_map: [0x000001877a840000,0x000001877ac40000] _byte_map_base: 0x000001877a433000

Marking Bits (Prev, Next): (CMBitMap*) 0x00000187781213e8, (CMBitMap*) 0x0000018778121420
 Prev Bits: [0x000001877b040000, 0x000001877cfd8000)
 Next Bits: [0x000001877cfe0000, 0x000001877ef78000)

Polling page: 0x00000187781b0000

Metaspace:

Usage:
  Non-class:     12.09 MB capacity,    11.80 MB ( 98%) used,   264.13 KB (  2%) free+waste,    31.44 KB ( <1%) overhead. 
      Class:      1.50 MB capacity,     1.38 MB ( 92%) used,   110.84 KB (  7%) free+waste,    15.38 KB (  1%) overhead. 
       Both:     13.59 MB capacity,    13.18 MB ( 97%) used,   374.97 KB (  3%) free+waste,    46.81 KB ( <1%) overhead. 

Virtual space:
  Non-class space:       14.00 MB reserved,      12.25 MB ( 88%) committed 
      Class space:        1.00 GB reserved,       1.63 MB ( <1%) committed 
             Both:        1.01 GB reserved,      13.88 MB (  1%) committed 

Chunk freelists:
   Non-Class:  4.50 KB
       Class:  3.88 KB
        Both:  8.38 KB

CodeHeap 'non-profiled nmethods': size=238336Kb used=1565Kb max_used=1565Kb free=236770Kb
 bounds [0x00000187089d0000, 0x0000018708c40000, 0x0000018717290000]
CodeHeap 'non-nmethods': size=7424Kb used=1104Kb max_used=1104Kb free=6319Kb
 bounds [0x0000018708290000, 0x0000018708500000, 0x00000187089d0000]
 total_blobs=1548 nmethods=1120 adapters=339
 compilation: enabled
              stopped_count=0, restarted_count=0
 full_count=0

Compilation events (10 events):
Event: 1.837 Thread 0x000001877fbf7800 1114       1       java.util.zip.ZipEntry::<init> (74 bytes)
Event: 1.838 Thread 0x000001877fbf7800 nmethod 1114 0x0000018708b54d90 code [0x0000018708b54f60, 0x0000018708b552c0]
Event: 1.838 Thread 0x000001877fbf7800 1116       1       java.net.URL::toString (5 bytes)
Event: 1.838 Thread 0x000001877fbf7800 nmethod 1116 0x0000018708b55410 code [0x0000018708b555c0, 0x0000018708b55710]
Event: 1.838 Thread 0x000001877fbf7800 1117       1       java.net.URL::toExternalForm (9 bytes)
Event: 1.839 Thread 0x000001877fbf7800 nmethod 1117 0x0000018708b55810 code [0x0000018708b559c0, 0x0000018708b55b10]
Event: 1.839 Thread 0x000001877fbf7800 1118       1       java.net.URLStreamHandler::toExternalForm (156 bytes)
Event: 1.841 Thread 0x000001877fbf7800 nmethod 1118 0x0000018708b55c10 code [0x0000018708b55f20, 0x0000018708b56a20]
Event: 1.841 Thread 0x000001877fbf7800 1120       1       sun.net.www.protocol.jar.Handler::checkNestedProtocol (18 bytes)
Event: 1.841 Thread 0x000001877fbf7800 nmethod 1120 0x0000018708b56f10 code [0x0000018708b570c0, 0x0000018708b57250]

GC Heap History (2 events):
Event: 1.021 GC heap before
{Heap before GC invocations=0 (full 0):
 garbage-first heap   total 131072K, used 24576K [0x0000000081a00000, 0x0000000100000000)
  region size 1024K, 24 young (24576K), 0 survivors (0K)
 Metaspace       used 8025K, capacity 8127K, committed 8320K, reserved 1056768K
  class space    used 765K, capacity 794K, committed 896K, reserved 1048576K
}
Event: 1.044 GC heap after
{Heap after GC invocations=1 (full 0):
 garbage-first heap   total 131072K, used 20784K [0x0000000081a00000, 0x0000000100000000)
  region size 1024K, 3 young (3072K), 3 survivors (3072K)
 Metaspace       used 8025K, capacity 8127K, committed 8320K, reserved 1056768K
  class space    used 765K, capacity 794K, committed 896K, reserved 1048576K
}

Deoptimization events (0 events):
No events

Classes redefined (0 events):
No events

Internal exceptions (10 events):
Event: 1.334 Thread 0x00000187780df000 Exception <a 'java/lang/NoSuchMethodError'{0x0000000089643670}: java.lang.invoke.DirectMethodHandle$Holder.invokeStaticInit(Ljava/lang/Object;IIII)Ljava/lang/Object;> (0x0000000089643670) thrown at [t:/workspace/open/src/hotspot/share/interpreter/linkReso
Event: 1.731 Thread 0x00000187780df000 Exception <a 'java/lang/NoSuchMethodError'{0x00000000895009d0}: java.lang.invoke.DirectMethodHandle$Holder.invokeStatic(Ljava/lang/Object;Ljava/lang/Object;IIII)Ljava/lang/Object;> (0x00000000895009d0) thrown at [t:/workspace/open/src/hotspot/share/interp
Event: 1.731 Thread 0x00000187780df000 Exception <a 'java/lang/NoSuchMethodError'{0x0000000089503d18}: java.lang.invoke.DirectMethodHandle$Holder.invokeStaticInit(Ljava/lang/Object;Ljava/lang/Object;IIII)Ljava/lang/Object;> (0x0000000089503d18) thrown at [t:/workspace/open/src/hotspot/share/in
Event: 1.744 Thread 0x00000187780df000 Exception <a 'java/lang/ClassNotFoundException'{0x0000000089521270}: javax/management/remote/rmi/RMIServerImpl_Skel> (0x0000000089521270) thrown at [t:/workspace/open/src/hotspot/share/classfile/systemDictionary.cpp, line 231]
Event: 1.789 Thread 0x00000187780df000 Exception <a 'java/lang/ClassNotFoundException'{0x00000000895ebc60}: jdk/internal/agent/resources/spi/agentProvider> (0x00000000895ebc60) thrown at [t:/workspace/open/src/hotspot/share/classfile/systemDictionary.cpp, line 231]
Event: 1.798 Thread 0x00000187780df000 Exception <a 'java/lang/NoSuchMethodError'{0x0000000089441a68}: java.lang.invoke.DirectMethodHandle$Holder.invokeStatic(Ljava/lang/Object;Ljava/lang/Object;Ljava/lang/Object;Ljava/lang/Object;Ljava/lang/Object;Ljava/lang/Object;Ljava/lang/Object;Ljava/lan
Event: 1.799 Thread 0x00000187780df000 Exception <a 'java/lang/NoSuchMethodError'{0x000000008944e848}: java.lang.invoke.DirectMethodHandle$Holder.invokeStatic(Ljava/lang/Object;Ljava/lang/Object;Ljava/lang/Object;Ljava/lang/Object;Ljava/lang/Object;Ljava/lang/Object;Ljava/lang/Object;Ljava/lan
Event: 1.802 Thread 0x00000187780df000 Exception <a 'java/lang/NoSuchMethodError'{0x0000000089468320}: java.lang.invoke.DelegatingMethodHandle$Holder.reinvoke_L(Ljava/lang/Object;ILjava/lang/Object;)Ljava/lang/Object;> (0x0000000089468320) thrown at [t:/workspace/open/src/hotspot/share/interpr
Event: 1.880 Thread 0x00000187780df000 Exception <a 'java/lang/ClassNotFoundException'{0x0000000089235830}: javax/smartcardio/CardPermission> (0x0000000089235830) thrown at [t:/workspace/open/src/hotspot/share/classfile/systemDictionary.cpp, line 231]
Event: 1.888 Thread 0x00000187780df000 Exception <a 'java/io/FileNotFoundException'{0x0000000089243e48}> (0x0000000089243e48) thrown at [t:/workspace/open/src/hotspot/share/prims/jni.cpp, line 615]

Events (10 events):
Event: 1.903 loading class ch/qos/logback/core/status/Status
Event: 1.903 loading class ch/qos/logback/core/status/Status done
Event: 1.909 loading class ch/qos/logback/classic/spi/Configurator
Event: 1.909 loading class ch/qos/logback/classic/spi/Configurator done
Event: 1.910 loading class ch/qos/logback/core/spi/ContextAware
Event: 1.910 loading class ch/qos/logback/core/spi/ContextAware done
Event: 1.911 loading class ch/qos/logback/classic/util/EnvUtil
Event: 1.911 loading class ch/qos/logback/classic/util/EnvUtil done
Event: 1.915 loading class ch/qos/logback/classic/BasicConfigurator
Event: 1.915 loading class ch/qos/logback/classic/BasicConfigurator done


Dynamic libraries:
0x00007ff702490000 - 0x00007ff7024d7000 	C:\Program Files\Java\jdk-11.0.5\bin\javaw.exe
0x00007fff792b0000 - 0x00007fff794a6000 	C:\WINDOWS\SYSTEM32\ntdll.dll
0x00007fff777a0000 - 0x00007fff7785d000 	C:\WINDOWS\System32\KERNEL32.DLL
0x00007fff76f10000 - 0x00007fff771d9000 	C:\WINDOWS\System32\KERNELBASE.dll
0x00007fff78a70000 - 0x00007fff78b1c000 	C:\WINDOWS\System32\ADVAPI32.dll
0x00007fff77e30000 - 0x00007fff77ece000 	C:\WINDOWS\System32\msvcrt.dll
0x00007fff77cb0000 - 0x00007fff77d4c000 	C:\WINDOWS\System32\sechost.dll
0x00007fff77ed0000 - 0x00007fff77ffb000 	C:\WINDOWS\System32\RPCRT4.dll
0x00007fff77aa0000 - 0x00007fff77c40000 	C:\WINDOWS\System32\USER32.dll
0x00007fff772e0000 - 0x00007fff77302000 	C:\WINDOWS\System32\win32u.dll
0x00007fff778c0000 - 0x00007fff778ea000 	C:\WINDOWS\System32\GDI32.dll
0x00007fff76e00000 - 0x00007fff76f0b000 	C:\WINDOWS\System32\gdi32full.dll
0x00007fff76d60000 - 0x00007fff76dfd000 	C:\WINDOWS\System32\msvcp_win.dll
0x00007fff771e0000 - 0x00007fff772e0000 	C:\WINDOWS\System32\ucrtbase.dll
0x00007fff6dcf0000 - 0x00007fff6df8b000 	C:\WINDOWS\WinSxS\amd64_microsoft.windows.common-controls_6595b64144ccf1df_6.0.19041.746_none_ca02b4b61b8320a4\COMCTL32.dll
0x00007fff70670000 - 0x00007fff7067a000 	C:\WINDOWS\SYSTEM32\VERSION.dll
0x00007fff78410000 - 0x00007fff78440000 	C:\WINDOWS\System32\IMM32.DLL
0x00007fff70090000 - 0x00007fff700a6000 	C:\Program Files\Java\jdk-11.0.5\bin\vcruntime140.dll
0x00007fff57ec0000 - 0x00007fff57f6a000 	C:\Program Files\Java\jdk-11.0.5\bin\msvcp140.dll
0x00007fff16860000 - 0x00007fff17388000 	C:\Program Files\Java\jdk-11.0.5\bin\server\jvm.dll
0x00007fff785f0000 - 0x00007fff785f8000 	C:\WINDOWS\System32\PSAPI.DLL
0x00007fff66280000 - 0x00007fff662a7000 	C:\WINDOWS\SYSTEM32\WINMM.dll
0x00007fff5f8d0000 - 0x00007fff5f8d9000 	C:\WINDOWS\SYSTEM32\WSOCK32.dll
0x00007fff77c40000 - 0x00007fff77cab000 	C:\WINDOWS\System32\WS2_32.dll
0x00007fff75670000 - 0x00007fff75682000 	C:\WINDOWS\SYSTEM32\kernel.appcore.dll
0x00007fff64d30000 - 0x00007fff64d41000 	C:\Program Files\Java\jdk-11.0.5\bin\verify.dll
0x00007fff75140000 - 0x00007fff75324000 	C:\WINDOWS\SYSTEM32\DBGHELP.DLL
0x00007fff585e0000 - 0x00007fff5860c000 	C:\WINDOWS\SYSTEM32\dbgcore.DLL
0x00007fff76ad0000 - 0x00007fff76b50000 	C:\WINDOWS\System32\bcryptPrimitives.dll
0x00007fff56280000 - 0x00007fff562a9000 	C:\Program Files\Java\jdk-11.0.5\bin\java.dll
0x00007fff63b60000 - 0x00007fff63b76000 	C:\Program Files\Java\jdk-11.0.5\bin\zip.dll
0x00007fff667c0000 - 0x00007fff667ca000 	C:\Program Files\Java\jdk-11.0.5\bin\jimage.dll
0x00007fff78b20000 - 0x00007fff79263000 	C:\WINDOWS\System32\SHELL32.dll
0x00007fff74790000 - 0x00007fff74f1f000 	C:\WINDOWS\SYSTEM32\windows.storage.dll
0x00007fff77440000 - 0x00007fff77796000 	C:\WINDOWS\System32\combase.dll
0x00007fff76450000 - 0x00007fff7647c000 	C:\WINDOWS\SYSTEM32\Wldp.dll
0x00007fff78090000 - 0x00007fff7813e000 	C:\WINDOWS\System32\SHCORE.dll
0x00007fff77860000 - 0x00007fff778b5000 	C:\WINDOWS\System32\shlwapi.dll
0x00007fff76920000 - 0x00007fff76946000 	C:\WINDOWS\SYSTEM32\profapi.dll
0x00007fff667d0000 - 0x00007fff667e9000 	C:\Program Files\Java\jdk-11.0.5\bin\net.dll
0x00007fff6d2b0000 - 0x00007fff6d3b0000 	C:\WINDOWS\SYSTEM32\WINHTTP.dll
0x00007fff761d0000 - 0x00007fff7623a000 	C:\WINDOWS\system32\mswsock.dll
0x00007fff64dc0000 - 0x00007fff64dd3000 	C:\Program Files\Java\jdk-11.0.5\bin\nio.dll
0x00007fff6e2e0000 - 0x00007fff6e2e9000 	C:\Program Files\Java\jdk-11.0.5\bin\management.dll
0x00007fff6e2d0000 - 0x00007fff6e2dc000 	C:\Program Files\Java\jdk-11.0.5\bin\management_ext.dll
0x00007fff43710000 - 0x00007fff43727000 	C:\WINDOWS\system32\napinsp.dll
0x00007fff436f0000 - 0x00007fff4370b000 	C:\WINDOWS\system32\pnrpnsp.dll
0x00007fff4b9e0000 - 0x00007fff4b9f5000 	C:\WINDOWS\system32\wshbth.dll
0x00007fff71d30000 - 0x00007fff71d4d000 	C:\WINDOWS\system32\NLAapi.dll
0x00007fff75e70000 - 0x00007fff75eab000 	C:\WINDOWS\SYSTEM32\IPHLPAPI.DLL
0x00007fff75eb0000 - 0x00007fff75f7b000 	C:\WINDOWS\SYSTEM32\DNSAPI.dll
0x00007fff785e0000 - 0x00007fff785e8000 	C:\WINDOWS\System32\NSI.dll
0x00007fff345a0000 - 0x00007fff345b2000 	C:\WINDOWS\System32\winrnr.dll
0x00007fff6c3b0000 - 0x00007fff6c3ba000 	C:\Windows\System32\rasadhlp.dll
0x00007fff6d750000 - 0x00007fff6d7cf000 	C:\WINDOWS\System32\fwpuclnt.dll
0x00007fff76aa0000 - 0x00007fff76ac7000 	C:\WINDOWS\System32\bcrypt.dll
0x00007fff763a0000 - 0x00007fff763b8000 	C:\WINDOWS\SYSTEM32\CRYPTSP.dll
0x00007fff75b00000 - 0x00007fff75b34000 	C:\WINDOWS\system32\rsaenh.dll
0x00007fff768a0000 - 0x00007fff768ce000 	C:\WINDOWS\SYSTEM32\USERENV.dll
0x00007fff763c0000 - 0x00007fff763cc000 	C:\WINDOWS\SYSTEM32\CRYPTBASE.dll
0x00007fff6f010000 - 0x00007fff6f027000 	C:\WINDOWS\SYSTEM32\dhcpcsvc6.DLL
0x00007fff6f360000 - 0x00007fff6f37d000 	C:\WINDOWS\SYSTEM32\dhcpcsvc.DLL

dbghelp: loaded successfully - version: 4.0.5 - missing functions: none
symbol engine: initialized successfully - sym options: 0x614 - pdb path: .;C:\Program Files\Java\jdk-11.0.5\bin;C:\WINDOWS\SYSTEM32;C:\WINDOWS\WinSxS\amd64_microsoft.windows.common-controls_6595b64144ccf1df_6.0.19041.746_none_ca02b4b61b8320a4;C:\Program Files\Java\jdk-11.0.5\bin\server

VM Arguments:
jvm_args: -Dcom.sun.management.jmxremote -Dcom.sun.management.jmxremote.port=50607 -Dcom.sun.management.jmxremote.authenticate=false -Dcom.sun.management.jmxremote.ssl=false -Djava.rmi.server.hostname=localhost -Dspring.jmx.enabled=true -Dspring.application.admin.enabled=true -Xverify:none -XX:TieredStopAtLevel=1 -Dspring.boot.project.name=coursemc -Dfile.encoding=UTF-8 
java_command: com.course.coursemc.CoursemcApplication --spring.output.ansi.enabled=always
java_class_path (initial): C:\temp\SpringBoot\coursemc\target\classes;C:\Users\geova\.m2\repository\org\springframework\boot\spring-boot-starter-web\2.4.1\spring-boot-starter-web-2.4.1.jar;C:\Users\geova\.m2\repository\org\springframework\boot\spring-boot-starter\2.4.1\spring-boot-starter-2.4.1.jar;C:\Users\geova\.m2\repository\org\springframework\boot\spring-boot-starter-logging\2.4.1\spring-boot-starter-logging-2.4.1.jar;C:\Users\geova\.m2\repository\ch\qos\logback\logback-classic\1.2.3\logback-classic-1.2.3.jar;C:\Users\geova\.m2\repository\ch\qos\logback\logback-core\1.2.3\logback-core-1.2.3.jar;C:\Users\geova\.m2\repository\org\apache\logging\log4j\log4j-to-slf4j\2.13.3\log4j-to-slf4j-2.13.3.jar;C:\Users\geova\.m2\repository\org\apache\logging\log4j\log4j-api\2.13.3\log4j-api-2.13.3.jar;C:\Users\geova\.m2\repository\org\slf4j\jul-to-slf4j\1.7.30\jul-to-slf4j-1.7.30.jar;C:\Users\geova\.m2\repository\jakarta\annotation\jakarta.annotation-api\1.3.5\jakarta.annotation-api-1.3.5.jar;C:\Users\geova\.m2\repository\org\yaml\snakeyaml\1.27\snakeyaml-1.27.jar;C:\Users\geova\.m2\repository\org\springframework\boot\spring-boot-starter-json\2.4.1\spring-boot-starter-json-2.4.1.jar;C:\Users\geova\.m2\repository\com\fasterxml\jackson\datatype\jackson-datatype-jdk8\2.11.3\jackson-datatype-jdk8-2.11.3.jar;C:\Users\geova\.m2\repository\com\fasterxml\jackson\datatype\jackson-datatype-jsr310\2.11.3\jackson-datatype-jsr310-2.11.3.jar;C:\Users\geova\.m2\repository\com\fasterxml\jackson\module\jackson-module-parameter-names\2.11.3\jackson-module-parameter-names-2.11.3.jar;C:\Users\geova\.m2\repository\org\springframework\boot\spring-boot-starter-tomcat\2.4.1\spring-boot-starter-tomcat-2.4.1.jar;C:\Users\geova\.m2\repository\org\apache\tomcat\embed\tomcat-embed-core\9.0.41\tomcat-embed-core-9.0.41.jar;C:\Users\geova\.m2\repository\org\apache\tomcat\embed\tomcat-embed-websocket\9.0.41\tomcat-embed-websocket-9.0.41.jar;C:\Users\geova\.m2\repository\org\springframework\spring-web\5.3.2
Launcher Type: SUN_STANDARD

[Global flags]
     bool BytecodeVerificationLocal                = false                                     {product} {command line}
     bool BytecodeVerificationRemote               = false                                     {product} {command line}
     intx CICompilerCount                          = 4                                         {product} {ergonomic}
     uint ConcGCThreads                            = 2                                         {product} {ergonomic}
     uint G1ConcRefinementThreads                  = 8                                         {product} {ergonomic}
   size_t G1HeapRegionSize                         = 1048576                                   {product} {ergonomic}
    uintx GCDrainStackTargetSize                   = 64                                        {product} {ergonomic}
   size_t InitialHeapSize                          = 134217728                                 {product} {ergonomic}
     bool ManagementServer                         = true                                      {product} {command line}
   size_t MarkStackSize                            = 4194304                                   {product} {ergonomic}
   size_t MaxHeapSize                              = 2120220672                                {product} {ergonomic}
   size_t MaxNewSize                               = 1271922688                                {product} {ergonomic}
   size_t MinHeapDeltaBytes                        = 1048576                                   {product} {ergonomic}
    uintx NonNMethodCodeHeapSize                   = 7549744                                {pd product} {ergonomic}
    uintx NonProfiledCodeHeapSize                  = 244108496                              {pd product} {ergonomic}
    uintx ProfiledCodeHeapSize                     = 0                                      {pd product} {ergonomic}
    uintx ReservedCodeCacheSize                    = 251658240                              {pd product} {ergonomic}
     bool SegmentedCodeCache                       = true                                      {product} {ergonomic}
     intx TieredStopAtLevel                        = 1                                         {product} {command line}
     bool UseCompressedClassPointers               = true                                 {lp64_product} {ergonomic}
     bool UseCompressedOops                        = true                                 {lp64_product} {ergonomic}
     bool UseG1GC                                  = true                                      {product} {ergonomic}
     bool UseLargePagesIndividualAllocation        = false                                  {pd product} {ergonomic}

Logging:
Log output configuration:
 #0: stdout all=warning uptime,level,tags
 #1: stderr all=off uptime,level,tags

Environment Variables:
JAVA_HOME=C:\Program Files\Java\jdk-11.0.5
PATH=C:/Program Files/Java/jdk-11.0.5/bin/server;C:/Program Files/Java/jdk-11.0.5/bin;C:\Program Files\Microsoft MPI\Bin\;C:\WINDOWS\system32;C:\WINDOWS;C:\WINDOWS\System32\Wbem;C:\WINDOWS\System32\WindowsPowerShell\v1.0\;C:\WINDOWS\System32\OpenSSH\;C:\Program Files\Git\cmd;C:\Program Files\Java\jdk-11.0.5\bin;C:\Program Files (x86)\Microsoft SQL Server\140\Tools\Binn\;C:\Program Files\Microsoft SQL Server\140\Tools\Binn\;C:\Program Files (x86)\Microsoft SQL Server\140\DTS\Binn\;C:\Program Files\Microsoft SQL Server\140\DTS\Binn\;C:\Program Files\Microsoft SQL Server\Client SDK\ODBC\130\Tools\Binn\;C:\Program Files (x86)\Microsoft SQL Server\150\DTS\Binn\;C:\Program Files\Java\jdk-14.0.2;C:\Program Files\nodejs\;C:\Users\geova\AppData\Local\Microsoft\WindowsApps;C:\Users\geova\AppData\Local\Programs\Microsoft VS Code\bin;C:\Users\geova\AppData\Local\GitHubDesktop\bin;C:\Users\geova\AppData\Roaming\npm;C:\Program Files\MongoDB\Server\4.4\bin;C:\Program Files\heroku\bin;C:\xampp\mysql\bin;;C:\Java-lips\Spring\sts-4.6.0.RELEASE;
USERNAME=geova
OS=Windows_NT
PROCESSOR_IDENTIFIER=Intel64 Family 6 Model 142 Stepping 12, GenuineIntel



---------------  S Y S T E M  ---------------

OS: Windows 10 , 64 bit Build 19041 (10.0.19041.662)

CPU:total 8 (initial active 8) (4 cores per cpu, 2 threads per core) family 6 model 142 stepping 12, cmov, cx8, fxsr, mmx, sse, sse2, sse3, ssse3, sse4.1, sse4.2, popcnt, avx, avx2, aes, clmul, erms, 3dnowpref, lzcnt, ht, tsc, tscinvbit, bmi1, bmi2, adx, fma

Memory: 4k page, system-wide physical 8084M (2916M free)
TotalPageFile size 13204M (AvailPageFile size 6753M)
current process WorkingSet (physical memory assigned to process): 94M, peak: 94M
current process commit charge ("private bytes"): 228M, peak: 228M

vm_info: Java HotSpot(TM) 64-Bit Server VM (11.0.5+10-LTS) for windows-amd64 JRE (11.0.5+10-LTS), built on Oct  6 2019 12:37:14 by "mach5one" with MS VC++ 15.5 (VS2017)

END.
